<?xml version="1.0" encoding="UTF-8"?>
<testng-results ignored="0" total="10" passed="10" failed="0" skipped="0">
  <reporter-output>
  </reporter-output>
  <suite started-at="2024-04-05T13:26:15 IST" name="tests.TestMain" finished-at="2024-04-05T13:26:31 IST" duration-ms="15779">
    <groups>
    </groups>
    <test started-at="2024-04-05T13:26:15 IST" name="Command line test" finished-at="2024-04-05T13:26:31 IST" duration-ms="15779">
      <class name="tests.TestMain">
        <test-method is-config="true" signature="setup()[pri:0, instance:tests.TestMain@5552768b]" started-at="2024-04-05T13:26:15 IST" name="setup" finished-at="2024-04-05T13:26:16 IST" duration-ms="1323" status="PASS">
          <reporter-output>
          </reporter-output>
        </test-method> <!-- setup -->
        <test-method signature="createUserTest()[pri:0, instance:tests.TestMain@5552768b]" started-at="2024-04-05T13:26:16 IST" name="createUserTest" finished-at="2024-04-05T13:26:20 IST" duration-ms="3696" status="PASS">
          <reporter-output>
          </reporter-output>
        </test-method> <!-- createUserTest -->
        <test-method signature="getUserData()[pri:1, instance:tests.TestMain@5552768b]" started-at="2024-04-05T13:26:20 IST" name="getUserData" finished-at="2024-04-05T13:26:21 IST" duration-ms="819" status="PASS">
          <reporter-output>
          </reporter-output>
        </test-method> <!-- getUserData -->
        <test-method signature="fetchUserData()[pri:2, instance:tests.TestMain@5552768b]" started-at="2024-04-05T13:26:21 IST" name="fetchUserData" finished-at="2024-04-05T13:26:22 IST" duration-ms="1228" status="PASS">
          <reporter-output>
          </reporter-output>
        </test-method> <!-- fetchUserData -->
        <test-method signature="updateUser()[pri:3, instance:tests.TestMain@5552768b]" started-at="2024-04-05T13:26:22 IST" name="updateUser" finished-at="2024-04-05T13:26:23 IST" duration-ms="1157" status="PASS">
          <reporter-output>
          </reporter-output>
        </test-method> <!-- updateUser -->
        <test-method signature="patchUser()[pri:4, instance:tests.TestMain@5552768b]" started-at="2024-04-05T13:26:23 IST" name="patchUser" finished-at="2024-04-05T13:26:24 IST" duration-ms="1148" status="PASS">
          <reporter-output>
          </reporter-output>
        </test-method> <!-- patchUser -->
        <test-method signature="deleteUser()[pri:5, instance:tests.TestMain@5552768b]" started-at="2024-04-05T13:26:24 IST" name="deleteUser" finished-at="2024-04-05T13:26:25 IST" duration-ms="755" status="PASS">
          <reporter-output>
          </reporter-output>
        </test-method> <!-- deleteUser -->
        <test-method signature="createInvalidUser()[pri:6, instance:tests.TestMain@5552768b]" started-at="2024-04-05T13:26:25 IST" name="createInvalidUser" finished-at="2024-04-05T13:26:27 IST" duration-ms="1678" status="PASS">
          <reporter-output>
          </reporter-output>
        </test-method> <!-- createInvalidUser -->
        <test-method signature="deleteNonExistentUser()[pri:7, instance:tests.TestMain@5552768b]" started-at="2024-04-05T13:26:27 IST" name="deleteNonExistentUser" finished-at="2024-04-05T13:26:28 IST" duration-ms="1393" status="PASS">
          <reporter-output>
          </reporter-output>
        </test-method> <!-- deleteNonExistentUser -->
        <test-method signature="invalidEndPoints()[pri:8, instance:tests.TestMain@5552768b]" started-at="2024-04-05T13:26:28 IST" name="invalidEndPoints" finished-at="2024-04-05T13:26:30 IST" duration-ms="1288" status="PASS">
          <reporter-output>
          </reporter-output>
        </test-method> <!-- invalidEndPoints -->
        <test-method signature="invalidToken()[pri:9, instance:tests.TestMain@5552768b]" started-at="2024-04-05T13:26:30 IST" name="invalidToken" finished-at="2024-04-05T13:26:31 IST" duration-ms="1137" status="PASS">
          <reporter-output>
          </reporter-output>
        </test-method> <!-- invalidToken -->
      </class> <!-- tests.TestMain -->
    </test> <!-- Command line test -->
  </suite> <!-- tests.TestMain -->
</testng-results>
